<?xml version="1.0" encoding="UTF-8"?>
<!-- Generated by org.testng.reporters.JUnitReportReporter -->
<testsuite hostname="DESKTOP-JD5CIJK" failures="0" tests="1" name="testNGExamples.TestNGExample" time="1.624" errors="0" timestamp="2024-07-25T19:09:18 IST" skipped="0">
  <testcase classname="testNGExamples.TestNGExample" name="shouldSearchWiki" time="1.624"/>
</testsuite> <!-- testNGExamples.TestNGExample -->
